2024-05-03 15:17:11.666378: I tensorflow/core/platform/cpu_feature_guard.cc:210] This TensorFlow binary is optimized to use available CPU instructions in performance-critical operations.
To enable the following instructions: AVX2 FMA, in other operations, rebuild TensorFlow with the appropriate compiler flags.
2024-05-03 15:17:28.883164: W tensorflow/compiler/tf2tensorrt/utils/py_utils.cc:38] TF-TRT Warning: Could not find TensorRT
Traceback (most recent call last):
  File "/rds/general/user/jrn23/home/optuna_mpc-2/optuna_nmpc_base_v2.py", line 27, in <module>
    print(os.listdir('pc-gym'))  # Debugging: list contents of pc-gym
FileNotFoundError: [Errno 2] No such file or directory: 'pc-gym'
2024-05-03 15:33:07.095590: I tensorflow/core/platform/cpu_feature_guard.cc:210] This TensorFlow binary is optimized to use available CPU instructions in performance-critical operations.
To enable the following instructions: AVX2 FMA, in other operations, rebuild TensorFlow with the appropriate compiler flags.
2024-05-03 15:33:36.585564: W tensorflow/compiler/tf2tensorrt/utils/py_utils.cc:38] TF-TRT Warning: Could not find TensorRT
/rds/general/user/jrn23/home/.conda/envs/pcgym310/lib/python3.10/site-packages/stable_baselines3/common/evaluation.py:67: UserWarning: Evaluation environment is not wrapped with a ``Monitor`` wrapper. This may result in reporting modified episode lengths and rewards, if other wrappers happen to modify these. Consider wrapping environment first with ``Monitor`` wrapper.
  warnings.warn(
/rds/general/user/jrn23/home/.conda/envs/pcgym310/lib/python3.10/site-packages/stable_baselines3/common/evaluation.py:67: UserWarning: Evaluation environment is not wrapped with a ``Monitor`` wrapper. This may result in reporting modified episode lengths and rewards, if other wrappers happen to modify these. Consider wrapping environment first with ``Monitor`` wrapper.
  warnings.warn(
[I 2024-05-03 15:35:04,166] A new study created in memory with name: no-name-590fbefa-bd55-47d6-8b44-c0222a19bd72
[I 2024-05-03 15:36:01,121] Trial 0 finished with value: -0.026118902214582945 and parameters: {'N': 10, 'R': 2.4872362585479915e-08}. Best is trial 0 with value: -0.026118902214582945.
[I 2024-05-03 15:37:14,414] Trial 1 finished with value: -0.15584565988403162 and parameters: {'N': 15, 'R': 9.062016281444619e-08}. Best is trial 0 with value: -0.026118902214582945.
[I 2024-05-03 15:40:06,704] Trial 2 finished with value: -inf and parameters: {'N': 25, 'R': 4.848538551209307e-10}. Best is trial 0 with value: -0.026118902214582945.
[I 2024-05-03 15:49:42,419] Trial 3 finished with value: -0.0038312721709135413 and parameters: {'N': 14, 'R': 1.8507968954081857e-09}. Best is trial 3 with value: -0.0038312721709135413.
[I 2024-05-03 15:55:32,699] Trial 4 finished with value: -0.002741883386117972 and parameters: {'N': 13, 'R': 3.5269724522342626e-09}. Best is trial 4 with value: -0.002741883386117972.
[I 2024-05-03 16:14:03,639] Trial 5 finished with value: -0.00347229734100896 and parameters: {'N': 20, 'R': 2.1474034939442444e-09}. Best is trial 4 with value: -0.002741883386117972.
[I 2024-05-03 16:15:27,946] Trial 6 finished with value: -0.2806349701556633 and parameters: {'N': 13, 'R': 9.218550704316154e-07}. Best is trial 4 with value: -0.002741883386117972.
[I 2024-05-03 16:34:58,725] Trial 7 finished with value: -0.0032852179335850253 and parameters: {'N': 18, 'R': 3.952910231606569e-09}. Best is trial 4 with value: -0.002741883386117972.
[I 2024-05-03 16:36:58,198] Trial 8 finished with value: -0.2287144878212549 and parameters: {'N': 23, 'R': 2.3876932954218395e-07}. Best is trial 4 with value: -0.002741883386117972.
[I 2024-05-03 16:38:30,282] Trial 9 finished with value: -0.24452554624569775 and parameters: {'N': 15, 'R': 3.223174163086839e-07}. Best is trial 4 with value: -0.002741883386117972.
[I 2024-05-03 16:43:22,817] Trial 10 finished with value: -0.0060983678021072135 and parameters: {'N': 11, 'R': 1.1456314960831658e-10}. Best is trial 4 with value: -0.002741883386117972.
[I 2024-05-03 16:43:29,420] Trial 11 finished with value: -inf and parameters: {'N': 18, 'R': 4.8288292574123604e-09}. Best is trial 4 with value: -0.002741883386117972.
[I 2024-05-03 16:44:59,728] Trial 12 finished with value: -0.008169043869740041 and parameters: {'N': 18, 'R': 2.006079065991661e-08}. Best is trial 4 with value: -0.002741883386117972.
[I 2024-05-03 16:48:55,631] Trial 13 finished with value: -0.013198627930767148 and parameters: {'N': 21, 'R': 6.553541311712853e-10}. Best is trial 4 with value: -0.002741883386117972.
[I 2024-05-03 16:50:40,585] Trial 14 finished with value: -0.0019388762637890743 and parameters: {'N': 17, 'R': 9.210185598604195e-09}. Best is trial 14 with value: -0.0019388762637890743.
[I 2024-05-03 16:52:25,960] Trial 15 finished with value: -0.003670631017661992 and parameters: {'N': 16, 'R': 1.6655088384633506e-08}. Best is trial 14 with value: -0.0019388762637890743.
[I 2024-05-03 16:53:24,597] Trial 16 finished with value: -0.10786631104303775 and parameters: {'N': 12, 'R': 5.709272830676288e-08}. Best is trial 14 with value: -0.0019388762637890743.
[I 2024-05-03 16:56:46,529] Trial 17 finished with value: -0.002542418981356107 and parameters: {'N': 16, 'R': 7.351056673123186e-09}. Best is trial 14 with value: -0.0019388762637890743.
[I 2024-05-03 16:59:19,004] Trial 18 finished with value: -0.0021786802561465698 and parameters: {'N': 20, 'R': 1.0277508401364371e-08}. Best is trial 14 with value: -0.0019388762637890743.
[I 2024-05-03 17:01:08,990] Trial 19 finished with value: -0.09888140673175941 and parameters: {'N': 20, 'R': 5.262394131790938e-08}. Best is trial 14 with value: -0.0019388762637890743.
[I 2024-05-03 17:03:40,380] Trial 20 finished with value: -0.013083533383426205 and parameters: {'N': 22, 'R': 9.108275302526306e-10}. Best is trial 14 with value: -0.0019388762637890743.
[I 2024-05-03 17:07:25,417] Trial 21 finished with value: -0.0020654184272252485 and parameters: {'N': 17, 'R': 1.0858107170680034e-08}. Best is trial 14 with value: -0.0019388762637890743.
[I 2024-05-03 17:10:12,557] Trial 22 finished with value: -0.002401469587194496 and parameters: {'N': 19, 'R': 1.0940187853643266e-08}. Best is trial 14 with value: -0.0019388762637890743.
[I 2024-05-03 17:11:21,257] Trial 23 finished with value: -0.02674357066727192 and parameters: {'N': 17, 'R': 3.443692032159822e-08}. Best is trial 14 with value: -0.0019388762637890743.
[I 2024-05-03 17:13:26,526] Trial 24 finished with value: -0.00199423341542839 and parameters: {'N': 20, 'R': 9.229033329138405e-09}. Best is trial 14 with value: -0.0019388762637890743.
[I 2024-05-03 17:15:44,155] Trial 25 finished with value: -0.18338014112314874 and parameters: {'N': 23, 'R': 1.098002785824886e-07}. Best is trial 14 with value: -0.0019388762637890743.
[I 2024-05-03 17:17:47,064] Trial 26 finished with value: -0.002112682748847293 and parameters: {'N': 17, 'R': 9.995411978816747e-09}. Best is trial 14 with value: -0.0019388762637890743.
[I 2024-05-03 17:26:34,829] Trial 27 finished with value: -0.004131709259040736 and parameters: {'N': 19, 'R': 1.4431228502878483e-09}. Best is trial 14 with value: -0.0019388762637890743.
[I 2024-05-03 17:34:58,069] Trial 28 finished with value: -0.005319006719726014 and parameters: {'N': 16, 'R': 2.9797120170515505e-10}. Best is trial 14 with value: -0.0019388762637890743.
[I 2024-05-03 17:37:06,333] Trial 29 finished with value: -0.02239783635327757 and parameters: {'N': 25, 'R': 2.394107876283989e-08}. Best is trial 14 with value: -0.0019388762637890743.
[I 2024-05-03 17:51:05,939] Trial 30 finished with value: -0.0027767748530432325 and parameters: {'N': 21, 'R': 5.277573093071608e-09}. Best is trial 14 with value: -0.0019388762637890743.
[I 2024-05-03 17:53:12,115] Trial 31 finished with value: -inf and parameters: {'N': 17, 'R': 1.2509923401743753e-08}. Best is trial 14 with value: -0.0019388762637890743.
[I 2024-05-03 17:54:29,903] Trial 32 finished with value: -0.057651739343406026 and parameters: {'N': 15, 'R': 3.779420464655613e-08}. Best is trial 14 with value: -0.0019388762637890743.
[I 2024-05-03 17:56:31,713] Trial 33 finished with value: -0.0023769430763829003 and parameters: {'N': 19, 'R': 7.818140678486967e-09}. Best is trial 14 with value: -0.0019388762637890743.
[I 2024-05-03 17:57:57,930] Trial 34 finished with value: -0.008784381410149488 and parameters: {'N': 17, 'R': 2.04418431589199e-08}. Best is trial 14 with value: -0.0019388762637890743.
[I 2024-05-03 17:59:24,410] Trial 35 finished with value: -0.18327886011302036 and parameters: {'N': 14, 'R': 1.0968000886934744e-07}. Best is trial 14 with value: -0.0019388762637890743.
[I 2024-05-03 18:09:57,929] Trial 36 finished with value: -0.002862156289996116 and parameters: {'N': 16, 'R': 3.003941718079994e-09}. Best is trial 14 with value: -0.0019388762637890743.
[I 2024-05-03 18:16:43,907] Trial 37 finished with value: -0.0035066837301436352 and parameters: {'N': 14, 'R': 2.1151787456341686e-09}. Best is trial 14 with value: -0.0019388762637890743.
[I 2024-05-03 18:31:08,245] Trial 38 finished with value: -0.004250258092748226 and parameters: {'N': 19, 'R': 1.4019579311589823e-09}. Best is trial 14 with value: -0.0019388762637890743.
[I 2024-05-03 19:05:03,404] Trial 39 finished with value: -0.0026683586600413567 and parameters: {'N': 18, 'R': 5.948134097011615e-09}. Best is trial 14 with value: -0.0019388762637890743.
[I 2024-05-03 19:25:23,087] Trial 40 finished with value: -0.0029235761919546447 and parameters: {'N': 21, 'R': 3.2890758088728474e-09}. Best is trial 14 with value: -0.0019388762637890743.
[I 2024-05-03 19:28:32,897] Trial 41 finished with value: -0.0022053076129296832 and parameters: {'N': 20, 'R': 1.06390975787182e-08}. Best is trial 14 with value: -0.0019388762637890743.
[I 2024-05-03 19:30:40,727] Trial 42 finished with value: -0.0018047807876436475 and parameters: {'N': 20, 'R': 8.95107878890185e-09}. Best is trial 42 with value: -0.0018047807876436475.
[I 2024-05-03 19:34:06,360] Trial 43 finished with value: -inf and parameters: {'N': 17, 'R': 1.3222989635978884e-08}. Best is trial 42 with value: -0.0018047807876436475.
[I 2024-05-03 19:36:04,564] Trial 44 finished with value: -0.02476847241372363 and parameters: {'N': 22, 'R': 3.233669378530471e-08}. Best is trial 42 with value: -0.0018047807876436475.
[I 2024-05-03 19:44:21,762] Trial 45 finished with value: -0.002825242874624136 and parameters: {'N': 18, 'R': 6.714546526583283e-09}. Best is trial 42 with value: -0.0018047807876436475.
[I 2024-05-03 20:25:07,668] Trial 46 finished with value: -0.0033225543944693384 and parameters: {'N': 24, 'R': 2.9955616535286086e-09}. Best is trial 42 with value: -0.0018047807876436475.
[I 2024-05-03 20:26:35,151] Trial 47 finished with value: -0.0042865040820343455 and parameters: {'N': 15, 'R': 1.7523690962506096e-08}. Best is trial 42 with value: -0.0018047807876436475.
[I 2024-05-03 20:27:25,704] Trial 48 finished with value: -0.12123426271208752 and parameters: {'N': 10, 'R': 6.456835426975722e-08}. Best is trial 42 with value: -0.0018047807876436475.
[I 2024-05-03 20:30:56,992] Trial 49 finished with value: -inf and parameters: {'N': 19, 'R': 4.119745094342006e-09}. Best is trial 42 with value: -0.0018047807876436475.
[I 2024-05-03 20:33:08,102] Trial 50 finished with value: -0.002427824998539896 and parameters: {'N': 20, 'R': 8.016174126215153e-09}. Best is trial 42 with value: -0.0018047807876436475.
[I 2024-05-03 20:38:06,668] Trial 51 finished with value: -inf and parameters: {'N': 20, 'R': 1.39895971481176e-08}. Best is trial 42 with value: -0.0018047807876436475.
[I 2024-05-03 20:40:14,899] Trial 52 finished with value: -0.0017756539839250498 and parameters: {'N': 22, 'R': 8.393431486453051e-09}. Best is trial 52 with value: -0.0017756539839250498.
[I 2024-05-03 20:57:01,168] Trial 53 finished with value: -inf and parameters: {'N': 22, 'R': 4.828664802394241e-09}. Best is trial 52 with value: -0.0017756539839250498.
[I 2024-05-03 20:58:47,160] Trial 54 finished with value: -0.026089974948299184 and parameters: {'N': 23, 'R': 2.7659405279790573e-08}. Best is trial 52 with value: -0.0017756539839250498.
[I 2024-05-03 21:00:34,240] Trial 55 finished with value: -0.0017660275966697406 and parameters: {'N': 18, 'R': 8.805162571291223e-09}. Best is trial 55 with value: -0.0017660275966697406.
[I 2024-05-03 21:02:21,931] Trial 56 finished with value: -0.005597009237767405 and parameters: {'N': 21, 'R': 1.9120515383295078e-08}. Best is trial 55 with value: -0.0017660275966697406.
[I 2024-05-03 21:13:49,228] Trial 57 finished with value: -0.0033047222008031696 and parameters: {'N': 18, 'R': 2.2925987697571578e-09}. Best is trial 55 with value: -0.0017660275966697406.
[I 2024-05-03 21:17:04,104] Trial 58 finished with value: -0.0029507528000959297 and parameters: {'N': 16, 'R': 7.787404426571075e-09}. Best is trial 55 with value: -0.0017660275966697406.
[I 2024-05-03 21:18:54,572] Trial 59 finished with value: -0.038996095450088794 and parameters: {'N': 21, 'R': 4.1926889155304507e-08}. Best is trial 55 with value: -0.0017660275966697406.
[I 2024-05-03 21:21:00,919] Trial 60 finished with value: -0.0029541839426390935 and parameters: {'N': 22, 'R': 1.6081298327698733e-08}. Best is trial 55 with value: -0.0017660275966697406.
[I 2024-05-03 21:22:58,566] Trial 61 finished with value: -0.002470586098754117 and parameters: {'N': 17, 'R': 8.408115442316871e-09}. Best is trial 55 with value: -0.0017660275966697406.
[I 2024-05-03 21:25:24,112] Trial 62 finished with value: -0.0026801610887834055 and parameters: {'N': 24, 'R': 5.692413251484227e-09}. Best is trial 55 with value: -0.0017660275966697406.
[I 2024-05-03 21:27:56,458] Trial 63 finished with value: -0.0022680407602950884 and parameters: {'N': 19, 'R': 1.0625795313923393e-08}. Best is trial 55 with value: -0.0017660275966697406.
[I 2024-05-03 21:52:17,676] Trial 64 finished with value: -0.0028554258376579907 and parameters: {'N': 18, 'R': 4.294691752653017e-09}. Best is trial 55 with value: -0.0017660275966697406.
[I 2024-05-03 21:54:33,244] Trial 65 finished with value: -0.01478616210610588 and parameters: {'N': 17, 'R': 2.3043399209306548e-08}. Best is trial 55 with value: -0.0017660275966697406.
[I 2024-05-03 21:59:14,003] Trial 66 finished with value: -0.0023980739709801293 and parameters: {'N': 16, 'R': 1.0293766330389386e-08}. Best is trial 55 with value: -0.0017660275966697406.
[I 2024-05-03 22:01:40,084] Trial 67 finished with value: -inf and parameters: {'N': 19, 'R': 1.3646114081435035e-08}. Best is trial 55 with value: -0.0017660275966697406.
[I 2024-05-03 22:03:17,783] Trial 68 finished with value: -0.28039021692618593 and parameters: {'N': 15, 'R': 9.12378064316975e-07}. Best is trial 55 with value: -0.0017660275966697406.
[I 2024-05-03 22:20:26,261] Trial 69 finished with value: -0.003996236143362944 and parameters: {'N': 18, 'R': 1.483079441113572e-09}. Best is trial 55 with value: -0.0017660275966697406.
[I 2024-05-03 22:30:37,387] Trial 70 finished with value: -0.002906028553568023 and parameters: {'N': 13, 'R': 6.088088119577073e-09}. Best is trial 55 with value: -0.0017660275966697406.
[I 2024-05-03 22:32:51,526] Trial 71 finished with value: -0.0024595044581175434 and parameters: {'N': 20, 'R': 7.932262004263842e-09}. Best is trial 55 with value: -0.0017660275966697406.
[I 2024-05-03 22:34:43,642] Trial 72 finished with value: -0.001948220698839094 and parameters: {'N': 17, 'R': 9.554167950852887e-09}. Best is trial 55 with value: -0.0017660275966697406.
[I 2024-05-03 22:36:04,382] Trial 73 finished with value: -0.025958553917357914 and parameters: {'N': 17, 'R': 2.682344687617797e-08}. Best is trial 55 with value: -0.0017660275966697406.
[I 2024-05-03 22:55:11,990] Trial 74 finished with value: -0.0033938863095894028 and parameters: {'N': 16, 'R': 3.791291698656172e-09}. Best is trial 55 with value: -0.0017660275966697406.
[I 2024-05-03 22:57:39,447] Trial 75 finished with value: -0.0021831526941812436 and parameters: {'N': 18, 'R': 1.0165866882541856e-08}. Best is trial 55 with value: -0.0017660275966697406.
[I 2024-05-03 23:18:43,180] Trial 76 finished with value: -0.004106256132407819 and parameters: {'N': 15, 'R': 1.5665366965899376e-08}. Best is trial 55 with value: -0.0017660275966697406.
[I 2024-05-03 23:32:55,775] Trial 77 finished with value: -0.003163640488610948 and parameters: {'N': 17, 'R': 2.9641384880853823e-09}. Best is trial 55 with value: -0.0017660275966697406.
[I 2024-05-03 23:48:05,970] Trial 78 finished with value: -0.0028582466485348812 and parameters: {'N': 16, 'R': 5.256888745938999e-09}. Best is trial 55 with value: -0.0017660275966697406.
[I 2024-05-03 23:48:51,544] Trial 79 finished with value: -inf and parameters: {'N': 19, 'R': 1.2659141047606946e-08}. Best is trial 55 with value: -0.0017660275966697406.
[I 2024-05-03 23:50:26,099] Trial 80 finished with value: -0.008462863487199778 and parameters: {'N': 18, 'R': 2.020244358595099e-08}. Best is trial 55 with value: -0.0017660275966697406.
[I 2024-05-03 23:53:02,046] Trial 81 finished with value: -0.001901637207942776 and parameters: {'N': 21, 'R': 9.291304296043072e-09}. Best is trial 55 with value: -0.0017660275966697406.
[I 2024-05-03 23:55:24,467] Trial 82 finished with value: -0.0018827340198775925 and parameters: {'N': 23, 'R': 9.177660986651782e-09}. Best is trial 55 with value: -0.0017660275966697406.
[I 2024-05-03 23:58:20,126] Trial 83 finished with value: -0.0024648649427745847 and parameters: {'N': 23, 'R': 6.50332819315649e-09}. Best is trial 55 with value: -0.0017660275966697406.
[I 2024-05-04 00:00:36,374] Trial 84 finished with value: -0.0017223742853500587 and parameters: {'N': 23, 'R': 8.64556725147677e-09}. Best is trial 84 with value: -0.0017223742853500587.
[I 2024-05-04 00:03:01,168] Trial 85 finished with value: -0.0019125017259704613 and parameters: {'N': 24, 'R': 8.894022427245012e-09}. Best is trial 84 with value: -0.0017223742853500587.
[I 2024-05-04 00:03:35,719] Trial 86 finished with value: -inf and parameters: {'N': 24, 'R': 4.817101575504536e-09}. Best is trial 84 with value: -0.0017223742853500587.
[I 2024-05-04 00:05:59,962] Trial 87 finished with value: -0.0026584623779616883 and parameters: {'N': 23, 'R': 6.852567780799579e-09}. Best is trial 84 with value: -0.0017223742853500587.
[I 2024-05-04 00:22:37,174] Trial 88 finished with value: -0.004973570874187894 and parameters: {'N': 24, 'R': 1.053016642354517e-10}. Best is trial 84 with value: -0.0017223742853500587.
[I 2024-05-04 00:54:42,070] Trial 89 finished with value: -0.003356393593997268 and parameters: {'N': 25, 'R': 2.5604795112612096e-09}. Best is trial 84 with value: -0.0017223742853500587.
[I 2024-05-04 00:56:00,591] Trial 90 finished with value: -inf and parameters: {'N': 22, 'R': 1.2168194477891384e-08}. Best is trial 84 with value: -0.0017223742853500587.
[I 2024-05-04 00:58:11,607] Trial 91 finished with value: -0.0017904200014309715 and parameters: {'N': 22, 'R': 8.878816442136341e-09}. Best is trial 84 with value: -0.0017223742853500587.
[I 2024-05-04 01:00:30,391] Trial 92 finished with value: -0.0018657490200987056 and parameters: {'N': 23, 'R': 8.95372157935178e-09}. Best is trial 84 with value: -0.0017223742853500587.
[I 2024-05-04 01:03:14,630] Trial 93 finished with value: -0.00274595112782913 and parameters: {'N': 23, 'R': 1.5769655698420025e-08}. Best is trial 84 with value: -0.0017223742853500587.
[I 2024-05-04 01:05:24,060] Trial 94 finished with value: -0.0017357819039438727 and parameters: {'N': 22, 'R': 8.482537584916832e-09}. Best is trial 84 with value: -0.0017223742853500587.
[I 2024-05-04 01:34:59,341] Trial 95 finished with value: -0.006768100483840647 and parameters: {'N': 22, 'R': 3.804945685521996e-09}. Best is trial 84 with value: -0.0017223742853500587.
[I 2024-05-04 01:37:27,875] Trial 96 finished with value: -0.0031732360150102308 and parameters: {'N': 23, 'R': 6.759894618028225e-09}. Best is trial 84 with value: -0.0017223742853500587.
[I 2024-05-04 01:39:43,759] Trial 97 finished with value: -0.0018968101999743362 and parameters: {'N': 21, 'R': 8.707711954812278e-09}. Best is trial 84 with value: -0.0017223742853500587.
[I 2024-05-04 01:50:13,140] Trial 98 finished with value: -inf and parameters: {'N': 21, 'R': 4.749011032211834e-09}. Best is trial 84 with value: -0.0017223742853500587.
[I 2024-05-04 02:04:10,440] Trial 99 finished with value: -0.0052563908598129904 and parameters: {'N': 22, 'R': 1.6759044585722508e-10}. Best is trial 84 with value: -0.0017223742853500587.
[I 2024-05-04 02:04:10,446] A new study created in memory with name: no-name-3c7eb0e0-7303-471e-91a9-318365634f7c
[I 2024-05-04 02:05:53,993] Trial 0 finished with value: -0.06820538250535238 and parameters: {'N': 22, 'R': 4.65135752829307e-08}. Best is trial 0 with value: -0.06820538250535238.
[I 2024-05-04 02:07:07,589] Trial 1 finished with value: -0.04529649955512936 and parameters: {'N': 11, 'R': 4.275271886145112e-10}. Best is trial 1 with value: -0.04529649955512936.
[I 2024-05-04 02:09:49,621] Trial 2 finished with value: -0.38388684642157134 and parameters: {'N': 25, 'R': 7.317258036008511e-07}. Best is trial 1 with value: -0.04529649955512936.
[I 2024-05-04 02:12:33,793] Trial 3 finished with value: -0.030991810999085722 and parameters: {'N': 19, 'R': 8.205244964433838e-10}. Best is trial 3 with value: -0.030991810999085722.
[I 2024-05-04 02:17:11,511] Trial 4 finished with value: -0.03082404546969822 and parameters: {'N': 24, 'R': 6.153633435240819e-10}. Best is trial 4 with value: -0.03082404546969822.
[I 2024-05-04 02:19:46,727] Trial 5 finished with value: -0.3858630748873745 and parameters: {'N': 24, 'R': 7.73646203727169e-07}. Best is trial 4 with value: -0.03082404546969822.
