[I 2024-05-04 02:21:28,171] Trial 6 finished with value: -0.37078211805467737 and parameters: {'N': 16, 'R': 5.228281744046104e-07}. Best is trial 4 with value: -0.03082404546969822.
[I 2024-05-04 02:23:19,396] Trial 7 finished with value: -0.3080621084405267 and parameters: {'N': 21, 'R': 2.026615134963023e-07}. Best is trial 4 with value: -0.03082404546969822.
[I 2024-05-04 02:26:46,728] Trial 8 finished with value: -0.029580424225769918 and parameters: {'N': 18, 'R': 1.572166759999064e-09}. Best is trial 8 with value: -0.029580424225769918.
[I 2024-05-04 02:27:42,517] Trial 9 finished with value: -0.01879063449981567 and parameters: {'N': 11, 'R': 7.385248307111285e-09}. Best is trial 9 with value: -0.01879063449981567.
[I 2024-05-04 02:28:38,534] Trial 10 finished with value: -0.01819176350955954 and parameters: {'N': 11, 'R': 7.193803939792066e-09}. Best is trial 10 with value: -0.01819176350955954.
[I 2024-05-04 02:29:30,193] Trial 11 finished with value: -0.01817537115583067 and parameters: {'N': 10, 'R': 7.43056487374926e-09}. Best is trial 11 with value: -0.01817537115583067.
[I 2024-05-04 02:30:40,512] Trial 12 finished with value: -0.024429490999363906 and parameters: {'N': 14, 'R': 8.675061650387793e-09}. Best is trial 11 with value: -0.01817537115583067.
[I 2024-05-04 02:32:02,426] Trial 13 finished with value: -0.05926878793577432 and parameters: {'N': 10, 'R': 1.26024897252946e-10}. Best is trial 11 with value: -0.01817537115583067.
[I 2024-05-04 02:33:24,185] Trial 14 finished with value: -0.058738754825426356 and parameters: {'N': 14, 'R': 3.271881852820618e-08}. Best is trial 11 with value: -0.01817537115583067.
[I 2024-05-04 02:36:07,196] Trial 15 finished with value: -0.028162272371993625 and parameters: {'N': 13, 'R': 2.5223432815737677e-09}. Best is trial 11 with value: -0.01817537115583067.
[I 2024-05-04 02:37:07,119] Trial 16 finished with value: -0.05989911197291246 and parameters: {'N': 12, 'R': 3.555747631683702e-08}. Best is trial 11 with value: -0.01817537115583067.
[I 2024-05-04 02:41:25,671] Trial 17 finished with value: -0.02632998600731138 and parameters: {'N': 16, 'R': 3.636040948928529e-09}. Best is trial 11 with value: -0.01817537115583067.
[I 2024-05-04 02:42:28,232] Trial 18 finished with value: -0.25602001533770063 and parameters: {'N': 10, 'R': 1.1187106023230795e-07}. Best is trial 11 with value: -0.01817537115583067.
[I 2024-05-04 02:43:34,444] Trial 19 finished with value: -0.06071315382674598 and parameters: {'N': 15, 'R': 1.537082531963674e-08}. Best is trial 11 with value: -0.01817537115583067.
[I 2024-05-04 02:45:47,523] Trial 20 finished with value: -0.02724116467974001 and parameters: {'N': 12, 'R': 4.792846899098279e-09}. Best is trial 11 with value: -0.01817537115583067.
[I 2024-05-04 02:46:36,661] Trial 21 finished with value: -0.028825987587027712 and parameters: {'N': 10, 'R': 1.14463565444812e-08}. Best is trial 11 with value: -0.01817537115583067.
[I 2024-05-04 02:47:36,174] Trial 22 finished with value: -0.017012076337594096 and parameters: {'N': 12, 'R': 6.592151032427776e-09}. Best is trial 22 with value: -0.017012076337594096.
[I 2024-05-04 02:48:29,694] Trial 23 finished with value: -0.061606108122294945 and parameters: {'N': 12, 'R': 1.8580303665756768e-08}. Best is trial 22 with value: -0.017012076337594096.
[I 2024-05-04 02:50:33,630] Trial 24 finished with value: -0.02906926864403389 and parameters: {'N': 13, 'R': 1.767725280261567e-09}. Best is trial 22 with value: -0.017012076337594096.
[I 2024-05-04 02:51:29,417] Trial 25 finished with value: -0.22693143005182698 and parameters: {'N': 11, 'R': 9.702111214667575e-08}. Best is trial 22 with value: -0.017012076337594096.
[I 2024-05-04 02:54:19,261] Trial 26 finished with value: -0.024551961950627775 and parameters: {'N': 14, 'R': 5.218632101902327e-09}. Best is trial 22 with value: -0.017012076337594096.
[I 2024-05-04 02:56:01,024] Trial 27 finished with value: -0.03379416672466827 and parameters: {'N': 16, 'R': 2.4076182648239975e-10}. Best is trial 22 with value: -0.017012076337594096.
[I 2024-05-04 02:59:31,106] Trial 28 finished with value: -0.027656551834160457 and parameters: {'N': 13, 'R': 2.015725768376393e-09}. Best is trial 22 with value: -0.017012076337594096.
[I 2024-05-04 03:01:01,204] Trial 29 finished with value: -0.06304171716810511 and parameters: {'N': 21, 'R': 2.3282406782359897e-08}. Best is trial 22 with value: -0.017012076337594096.
[I 2024-05-04 03:02:09,336] Trial 30 finished with value: -0.041282219876558085 and parameters: {'N': 10, 'R': 1.0672491623510127e-09}. Best is trial 22 with value: -0.017012076337594096.
[I 2024-05-04 03:03:04,636] Trial 31 finished with value: -0.01843676490784685 and parameters: {'N': 11, 'R': 7.26932840369396e-09}. Best is trial 22 with value: -0.017012076337594096.
[I 2024-05-04 03:04:25,104] Trial 32 finished with value: -0.12358920213606886 and parameters: {'N': 11, 'R': 6.062576689822235e-08}. Best is trial 22 with value: -0.017012076337594096.
[I 2024-05-04 03:07:12,379] Trial 33 finished with value: -0.028872874131356495 and parameters: {'N': 12, 'R': 3.5748623757829324e-09}. Best is trial 22 with value: -0.017012076337594096.
[I 2024-05-04 03:08:06,075] Trial 34 finished with value: -0.026398428888162302 and parameters: {'N': 11, 'R': 1.0154485183444058e-08}. Best is trial 22 with value: -0.017012076337594096.
[I 2024-05-04 03:09:23,648] Trial 35 finished with value: -0.02317812860754454 and parameters: {'N': 10, 'R': 6.058221579672216e-09}. Best is trial 22 with value: -0.017012076337594096.
[I 2024-05-04 03:14:04,500] Trial 36 finished with value: -0.05354331742418542 and parameters: {'N': 13, 'R': 1.3705016726850928e-08}. Best is trial 22 with value: -0.017012076337594096.
[I 2024-05-04 03:15:42,190] Trial 37 finished with value: -0.034316601811095984 and parameters: {'N': 15, 'R': 3.8730776386666485e-10}. Best is trial 22 with value: -0.017012076337594096.
[I 2024-05-04 03:19:24,570] Trial 38 finished with value: -0.017532724711743303 and parameters: {'N': 19, 'R': 3.5274538275451837e-09}. Best is trial 22 with value: -0.017012076337594096.
[I 2024-05-04 03:25:51,484] Trial 39 finished with value: -0.027732359717258726 and parameters: {'N': 19, 'R': 2.704152551525483e-09}. Best is trial 22 with value: -0.017012076337594096.
[I 2024-05-04 03:28:59,721] Trial 40 finished with value: -0.03119729375148662 and parameters: {'N': 18, 'R': 1.0556900478684167e-09}. Best is trial 22 with value: -0.017012076337594096.
[I 2024-05-04 03:30:23,700] Trial 41 finished with value: -0.06362774590461862 and parameters: {'N': 19, 'R': 2.4531790724467078e-08}. Best is trial 22 with value: -0.017012076337594096.
[I 2024-05-04 03:32:11,383] Trial 42 finished with value: -0.02299244751389125 and parameters: {'N': 22, 'R': 7.444582561077138e-09}. Best is trial 22 with value: -0.017012076337594096.
[I 2024-05-04 03:35:41,014] Trial 43 finished with value: -0.026906735194910426 and parameters: {'N': 17, 'R': 3.7261987859830914e-09}. Best is trial 22 with value: -0.017012076337594096.
[I 2024-05-04 03:37:32,901] Trial 44 finished with value: -0.029401230452305936 and parameters: {'N': 20, 'R': 9.271630910672207e-09}. Best is trial 22 with value: -0.017012076337594096.
[I 2024-05-04 03:39:37,185] Trial 45 finished with value: -0.02483548495469589 and parameters: {'N': 12, 'R': 5.430679248890594e-09}. Best is trial 22 with value: -0.017012076337594096.
[I 2024-05-04 03:40:33,379] Trial 46 finished with value: -inf and parameters: {'N': 11, 'R': 5.140214600498564e-08}. Best is trial 22 with value: -0.017012076337594096.
[I 2024-05-04 03:45:24,077] Trial 47 finished with value: -0.03136253881866704 and parameters: {'N': 23, 'R': 5.695729343310077e-10}. Best is trial 22 with value: -0.017012076337594096.
[I 2024-05-04 03:46:35,997] Trial 48 finished with value: -0.03805501449390871 and parameters: {'N': 11, 'R': 1.1377890253298655e-09}. Best is trial 22 with value: -0.017012076337594096.
[I 2024-05-04 03:51:41,734] Trial 49 finished with value: -0.01766442243745346 and parameters: {'N': 20, 'R': 3.3564146964156575e-09}. Best is trial 22 with value: -0.017012076337594096.
[I 2024-05-04 03:58:12,543] Trial 50 finished with value: -0.028030208435611957 and parameters: {'N': 20, 'R': 2.6601619269827183e-09}. Best is trial 22 with value: -0.017012076337594096.
[I 2024-05-04 04:00:04,253] Trial 51 finished with value: -0.02328934466691187 and parameters: {'N': 20, 'R': 7.443233974284869e-09}. Best is trial 22 with value: -0.017012076337594096.
[I 2024-05-04 04:03:13,732] Trial 52 finished with value: -inf and parameters: {'N': 21, 'R': 3.7053072737996355e-09}. Best is trial 22 with value: -0.017012076337594096.
[I 2024-05-04 04:04:32,796] Trial 53 finished with value: -0.06043747690656935 and parameters: {'N': 18, 'R': 1.420550697560088e-08}. Best is trial 22 with value: -0.017012076337594096.
[I 2024-05-04 04:07:22,361] Trial 54 finished with value: -0.02933038086151022 and parameters: {'N': 17, 'R': 1.4922713778667703e-09}. Best is trial 22 with value: -0.017012076337594096.
[I 2024-05-04 04:09:09,120] Trial 55 finished with value: -0.026821420664163646 and parameters: {'N': 10, 'R': 2.326143471942534e-09}. Best is trial 22 with value: -0.017012076337594096.
[I 2024-05-04 04:13:46,715] Trial 56 finished with value: -0.030343857491701532 and parameters: {'N': 22, 'R': 4.589606057562336e-09}. Best is trial 22 with value: -0.017012076337594096.
[I 2024-05-04 04:15:58,676] Trial 57 finished with value: -0.03588584240103639 and parameters: {'N': 25, 'R': 1.0974016994946682e-08}. Best is trial 22 with value: -0.017012076337594096.
[I 2024-05-04 04:17:21,650] Trial 58 finished with value: -0.06231230983779372 and parameters: {'N': 19, 'R': 2.0747392466240117e-08}. Best is trial 22 with value: -0.017012076337594096.
[I 2024-05-04 04:21:37,309] Trial 59 finished with value: -0.04956574405828319 and parameters: {'N': 12, 'R': 3.041812144203712e-08}. Best is trial 22 with value: -0.017012076337594096.
[I 2024-05-04 04:22:57,920] Trial 60 finished with value: -0.3290608228252268 and parameters: {'N': 15, 'R': 2.6220268073753127e-07}. Best is trial 22 with value: -0.017012076337594096.
[I 2024-05-04 04:23:53,454] Trial 61 finished with value: -0.018812789942621175 and parameters: {'N': 11, 'R': 7.402555891701006e-09}. Best is trial 22 with value: -0.017012076337594096.
[I 2024-05-04 04:25:56,878] Trial 62 finished with value: -0.026450442698808356 and parameters: {'N': 10, 'R': 3.2052189409566146e-09}. Best is trial 22 with value: -0.017012076337594096.
[I 2024-05-04 04:27:58,477] Trial 63 finished with value: -0.024658829553666512 and parameters: {'N': 13, 'R': 5.606463311156888e-09}. Best is trial 22 with value: -0.017012076337594096.
[I 2024-05-04 04:28:52,030] Trial 64 finished with value: -0.060812965820492726 and parameters: {'N': 12, 'R': 1.5846952916847822e-08}. Best is trial 22 with value: -0.017012076337594096.
[I 2024-05-04 04:30:53,216] Trial 65 finished with value: -0.027617374607691748 and parameters: {'N': 11, 'R': 1.6893826338848578e-09}. Best is trial 22 with value: -0.017012076337594096.
[I 2024-05-04 04:32:04,492] Trial 66 finished with value: -0.024629489416573155 and parameters: {'N': 14, 'R': 8.43264422719722e-09}. Best is trial 22 with value: -0.017012076337594096.
[I 2024-05-04 04:34:25,151] Trial 67 finished with value: -0.027402840777310027 and parameters: {'N': 10, 'R': 4.0355732071377185e-09}. Best is trial 22 with value: -0.017012076337594096.
[I 2024-05-04 04:35:22,611] Trial 68 finished with value: -0.016913540454050753 and parameters: {'N': 11, 'R': 6.4913778087672415e-09}. Best is trial 68 with value: -0.016913540454050753.
[I 2024-05-04 04:38:09,215] Trial 69 finished with value: -0.03780534665977171 and parameters: {'N': 21, 'R': 1.134171584642594e-08}. Best is trial 68 with value: -0.016913540454050753.
[I 2024-05-04 04:39:20,640] Trial 70 finished with value: -0.02165602865861611 and parameters: {'N': 10, 'R': 6.112334550418388e-09}. Best is trial 68 with value: -0.016913540454050753.
[I 2024-05-04 04:41:50,673] Trial 71 finished with value: -0.028312930089887427 and parameters: {'N': 11, 'R': 2.953775462140066e-09}. Best is trial 68 with value: -0.016913540454050753.
[I 2024-05-04 04:44:10,765] Trial 72 finished with value: -0.027189005517717114 and parameters: {'N': 12, 'R': 4.730797987330881e-09}. Best is trial 68 with value: -0.016913540454050753.
[I 2024-05-04 04:45:06,508] Trial 73 finished with value: -0.019468032276144027 and parameters: {'N': 11, 'R': 7.602943493076009e-09}. Best is trial 68 with value: -0.016913540454050753.
[I 2024-05-04 04:49:08,545] Trial 74 finished with value: -0.028109678853337844 and parameters: {'N': 13, 'R': 2.133097697950039e-09}. Best is trial 68 with value: -0.016913540454050753.
[I 2024-05-04 04:49:53,557] Trial 75 finished with value: -0.05965383591096376 and parameters: {'N': 10, 'R': 1.636846499680154e-08}. Best is trial 68 with value: -0.016913540454050753.
[I 2024-05-04 04:50:47,109] Trial 76 finished with value: -0.0318749275422225 and parameters: {'N': 11, 'R': 1.2138367175781206e-08}. Best is trial 68 with value: -0.016913540454050753.
[I 2024-05-04 04:51:47,169] Trial 77 finished with value: -0.01863676864952022 and parameters: {'N': 12, 'R': 7.102185484052294e-09}. Best is trial 68 with value: -0.016913540454050753.
[I 2024-05-04 04:53:53,838] Trial 78 finished with value: -0.02936576857065657 and parameters: {'N': 13, 'R': 1.3579309119161012e-09}. Best is trial 68 with value: -0.016913540454050753.
[I 2024-05-04 04:55:17,854] Trial 79 finished with value: -0.01896386901780144 and parameters: {'N': 12, 'R': 6.0749508342238756e-09}. Best is trial 68 with value: -0.016913540454050753.
[I 2024-05-04 04:56:53,050] Trial 80 finished with value: -0.028681719607504697 and parameters: {'N': 18, 'R': 9.574462602104141e-09}. Best is trial 68 with value: -0.016913540454050753.
[I 2024-05-04 04:58:48,468] Trial 81 finished with value: -0.027684340275918595 and parameters: {'N': 11, 'R': 4.177567986507539e-09}. Best is trial 68 with value: -0.016913540454050753.
[I 2024-05-04 05:00:58,660] Trial 82 finished with value: -0.022315093979385157 and parameters: {'N': 20, 'R': 6.512295493935249e-09}. Best is trial 68 with value: -0.016913540454050753.
[I 2024-05-04 05:02:13,820] Trial 83 finished with value: -0.02580455467636104 and parameters: {'N': 12, 'R': 8.840954341066195e-09}. Best is trial 68 with value: -0.016913540454050753.
[I 2024-05-04 05:04:00,424] Trial 84 finished with value: -0.026728030927109236 and parameters: {'N': 10, 'R': 3.028014636409628e-09}. Best is trial 68 with value: -0.016913540454050753.
[I 2024-05-04 05:08:17,840] Trial 85 finished with value: -0.047416563773342246 and parameters: {'N': 19, 'R': 4.8687951658275845e-09}. Best is trial 68 with value: -0.016913540454050753.
[I 2024-05-04 05:09:18,519] Trial 86 finished with value: -0.06166041931113686 and parameters: {'N': 14, 'R': 1.8720807232681295e-08}. Best is trial 68 with value: -0.016913540454050753.
[I 2024-05-04 05:10:11,190] Trial 87 finished with value: -0.03510656767439006 and parameters: {'N': 11, 'R': 1.3080303561610377e-08}. Best is trial 68 with value: -0.016913540454050753.
[I 2024-05-04 05:11:03,635] Trial 88 finished with value: -0.06364102368575741 and parameters: {'N': 12, 'R': 2.5795915566112062e-08}. Best is trial 68 with value: -0.016913540454050753.
[I 2024-05-04 05:14:05,140] Trial 89 finished with value: -0.028295112391579696 and parameters: {'N': 13, 'R': 2.476388760622229e-09}. Best is trial 68 with value: -0.016913540454050753.
[I 2024-05-04 05:14:59,987] Trial 90 finished with value: -0.017135315239859915 and parameters: {'N': 11, 'R': 6.859498441597563e-09}. Best is trial 68 with value: -0.016913540454050753.
[I 2024-05-04 05:15:54,846] Trial 91 finished with value: -0.018006485876264043 and parameters: {'N': 11, 'R': 7.175166288483222e-09}. Best is trial 68 with value: -0.016913540454050753.
[I 2024-05-04 05:16:44,604] Trial 92 finished with value: -0.024347977434789787 and parameters: {'N': 10, 'R': 9.737022149053976e-09}. Best is trial 68 with value: -0.016913540454050753.
[I 2024-05-04 05:18:06,028] Trial 93 finished with value: -0.01825275129503907 and parameters: {'N': 12, 'R': 6.297251348029029e-09}. Best is trial 68 with value: -0.016913540454050753.
[I 2024-05-04 05:22:03,088] Trial 94 finished with value: -0.027948254670783157 and parameters: {'N': 11, 'R': 3.5439325994649057e-09}. Best is trial 68 with value: -0.016913540454050753.
[I 2024-05-04 05:23:39,985] Trial 95 finished with value: -0.026286549087418377 and parameters: {'N': 10, 'R': 5.474115117224881e-09}. Best is trial 68 with value: -0.016913540454050753.
[I 2024-05-04 05:25:24,016] Trial 96 finished with value: -0.027712383606833056 and parameters: {'N': 11, 'R': 1.9010453110901886e-09}. Best is trial 68 with value: -0.016913540454050753.
[I 2024-05-04 05:26:23,287] Trial 97 finished with value: -0.02256299058006291 and parameters: {'N': 12, 'R': 8.348499094224728e-09}. Best is trial 68 with value: -0.016913540454050753.
[I 2024-05-04 05:28:52,348] Trial 98 finished with value: -0.02665073447996096 and parameters: {'N': 10, 'R': 4.501352873186695e-09}. Best is trial 68 with value: -0.016913540454050753.
[I 2024-05-04 05:31:44,962] Trial 99 finished with value: -0.04419621194257129 and parameters: {'N': 21, 'R': 1.1935903520209797e-08}. Best is trial 68 with value: -0.016913540454050753.
